<?xml version="1.0" encoding="UTF-8"?>
<!-- Generated by org.testng.reporters.JUnitReportReporter -->
<testsuite skipped="0" hostname="IBM543-PC0GJ54K" name="com.training.sanity.tests.RETC_005" tests="1" failures="0" timestamp="18 Jun 2019 08:39:53 GMT" time="23.269" errors="0">
  <testcase name="validLoginTest" time="23.269" classname="com.training.sanity.tests.RETC_005"/>
</testsuite> <!-- com.training.sanity.tests.RETC_005 -->
