<?xml version="1.0" encoding="UTF-8"?>
<!-- Generated by org.testng.reporters.JUnitReportReporter -->
<testsuite skipped="0" hostname="IBM543-PC0GJ54K" name="com.training.sanity.tests.RETC_37" tests="1" failures="0" timestamp="26 Jun 2019 04:45:21 GMT" time="69.840" errors="0">
  <testcase name="logintest" time="69.840" classname="com.training.sanity.tests.RETC_37"/>
</testsuite> <!-- com.training.sanity.tests.RETC_37 -->
