<?xml version="1.0" encoding="UTF-8"?>
<!-- Generated by org.testng.reporters.JUnitReportReporter -->
<testsuite skipped="0" hostname="IBM543-PC0GJ54K" name="com.training.sanity.tests.RETC_036" tests="1" failures="0" timestamp="24 Jun 2019 09:11:16 GMT" time="53.440" errors="0">
  <testcase name="logintest" time="53.440" classname="com.training.sanity.tests.RETC_036"/>
</testsuite> <!-- com.training.sanity.tests.RETC_036 -->
