<?xml version="1.0" encoding="UTF-8"?>
<!-- Generated by org.testng.reporters.JUnitReportReporter -->
<testsuite skipped="0" hostname="IBM543-PC0GJ54K" name="com.training.sanity.tests.RETC_038" tests="1" failures="0" timestamp="26 Jun 2019 05:42:22 GMT" time="54.663" errors="0">
  <testcase name="logintest" time="54.663" classname="com.training.sanity.tests.RETC_038"/>
</testsuite> <!-- com.training.sanity.tests.RETC_038 -->
