<?xml version="1.0" encoding="UTF-8"?>
<!-- Generated by org.testng.reporters.JUnitReportReporter -->
<testsuite skipped="0" hostname="IBM543-PC0GJ54K" name="com.training.sanity.tests.RETC_004" tests="1" failures="0" timestamp="19 Jun 2019 05:47:20 GMT" time="51.906" errors="0">
  <testcase name="validLoginTest" time="51.906" classname="com.training.sanity.tests.RETC_004"/>
</testsuite> <!-- com.training.sanity.tests.RETC_004 -->
