<?xml version="1.0" encoding="UTF-8"?>
<!-- Generated by org.testng.reporters.JUnitReportReporter -->
<testsuite skipped="0" hostname="IBM543-PC0GJ54K" name="com.training.sanity.tests.RETC_006" tests="1" failures="0" timestamp="20 Jun 2019 06:36:53 GMT" time="41.685" errors="0">
  <testcase name="validLoginTest" time="41.685" classname="com.training.sanity.tests.RETC_006"/>
</testsuite> <!-- com.training.sanity.tests.RETC_006 -->
